This file contains any messages produced by compilers while
running configure, to aid debugging if configure makes a mistake.

It was created by wev1 configure 0.1, which was
generated by GNU Autoconf 2.68.  Invocation command line was

  $ ./configure 

## --------- ##
## Platform. ##
## --------- ##

hostname = wellth
uname -m = i686
uname -r = 3.2.0-55-generic-pae
uname -s = Linux
uname -v = #85-Ubuntu SMP Wed Oct 2 14:03:15 UTC 2013

/usr/bin/uname -p = unknown
/bin/uname -X     = unknown

/bin/arch              = unknown
/usr/bin/arch -k       = unknown
/usr/convex/getsysinfo = unknown
/usr/bin/hostinfo      = unknown
/bin/machine           = unknown
/usr/bin/oslevel       = unknown
/bin/universe          = unknown

PATH: /usr/lib/lightdm/lightdm
PATH: /usr/local/sbin
PATH: /usr/local/bin
PATH: /usr/sbin
PATH: /usr/bin
PATH: /sbin
PATH: /bin
PATH: /usr/games


## ----------- ##
## Core tests. ##
## ----------- ##

configure:2239: checking for a BSD-compatible install
configure:2307: result: /usr/bin/install -c
configure:2318: checking whether build environment is sane
configure:2368: result: yes
configure:2509: checking for a thread-safe mkdir -p
configure:2548: result: /bin/mkdir -p
configure:2561: checking for gawk
configure:2591: result: no
configure:2561: checking for mawk
configure:2577: found /usr/bin/mawk
configure:2588: result: mawk
configure:2599: checking whether make sets $(MAKE)
configure:2621: result: yes
configure:2713: checking whether make supports nested variables
configure:2730: result: yes
configure:2790: checking for gcc
configure:2806: found /usr/bin/gcc
configure:2817: result: gcc
configure:3046: checking for C compiler version
configure:3055: gcc --version >&5
gcc (Ubuntu/Linaro 4.6.3-1ubuntu5) 4.6.3
Copyright (C) 2011 Free Software Foundation, Inc.
This is free software; see the source for copying conditions.  There is NO
warranty; not even for MERCHANTABILITY or FITNESS FOR A PARTICULAR PURPOSE.

configure:3066: $? = 0
configure:3055: gcc -v >&5
Using built-in specs.
COLLECT_GCC=gcc
COLLECT_LTO_WRAPPER=/usr/lib/gcc/i686-linux-gnu/4.6/lto-wrapper
Target: i686-linux-gnu
Configured with: ../src/configure -v --with-pkgversion='Ubuntu/Linaro 4.6.3-1ubuntu5' --with-bugurl=file:///usr/share/doc/gcc-4.6/README.Bugs --enable-languages=c,c++,fortran,objc,obj-c++ --prefix=/usr --program-suffix=-4.6 --enable-shared --enable-linker-build-id --with-system-zlib --libexecdir=/usr/lib --without-included-gettext --enable-threads=posix --with-gxx-include-dir=/usr/include/c++/4.6 --libdir=/usr/lib --enable-nls --with-sysroot=/ --enable-clocale=gnu --enable-libstdcxx-debug --enable-libstdcxx-time=yes --enable-gnu-unique-object --enable-plugin --enable-objc-gc --enable-targets=all --disable-werror --with-arch-32=i686 --with-tune=generic --enable-checking=release --build=i686-linux-gnu --host=i686-linux-gnu --target=i686-linux-gnu
Thread model: posix
gcc version 4.6.3 (Ubuntu/Linaro 4.6.3-1ubuntu5) 
configure:3066: $? = 0
configure:3055: gcc -V >&5
gcc: error: unrecognized option '-V'
gcc: fatal error: no input files
compilation terminated.
configure:3066: $? = 4
configure:3055: gcc -qversion >&5
gcc: error: unrecognized option '-qversion'
gcc: fatal error: no input files
compilation terminated.
configure:3066: $? = 4
configure:3086: checking whether the C compiler works
configure:3108: gcc    conftest.c  >&5
configure:3112: $? = 0
configure:3160: result: yes
configure:3163: checking for C compiler default output file name
configure:3165: result: a.out
configure:3171: checking for suffix of executables
configure:3178: gcc -o conftest    conftest.c  >&5
configure:3182: $? = 0
configure:3204: result: 
configure:3226: checking whether we are cross compiling
configure:3234: gcc -o conftest    conftest.c  >&5
configure:3238: $? = 0
configure:3245: ./conftest
configure:3249: $? = 0
configure:3264: result: no
configure:3269: checking for suffix of object files
configure:3291: gcc -c   conftest.c >&5
configure:3295: $? = 0
configure:3316: result: o
configure:3320: checking whether we are using the GNU C compiler
configure:3339: gcc -c   conftest.c >&5
configure:3339: $? = 0
configure:3348: result: yes
configure:3357: checking whether gcc accepts -g
configure:3377: gcc -c -g  conftest.c >&5
configure:3377: $? = 0
configure:3418: result: yes
configure:3435: checking for gcc option to accept ISO C89
configure:3499: gcc  -c -g -O2  conftest.c >&5
configure:3499: $? = 0
configure:3512: result: none needed
configure:3543: checking for style of include used by make
configure:3571: result: GNU
configure:3597: checking dependency style of gcc
configure:3708: result: gcc3
configure:3728: checking whether NLS is requested
configure:3737: result: yes
configure:3756: checking for intltool >= 0.35.0
configure:3758: result: 0.50.2 found
configure:3766: checking for intltool-update
configure:3784: found /usr/bin/intltool-update
configure:3796: result: /usr/bin/intltool-update
configure:3806: checking for intltool-merge
configure:3824: found /usr/bin/intltool-merge
configure:3836: result: /usr/bin/intltool-merge
configure:3846: checking for intltool-extract
configure:3864: found /usr/bin/intltool-extract
configure:3876: result: /usr/bin/intltool-extract
configure:4030: checking for xgettext
configure:4048: found /usr/bin/xgettext
configure:4060: result: /usr/bin/xgettext
configure:4070: checking for msgmerge
configure:4088: found /usr/bin/msgmerge
configure:4100: result: /usr/bin/msgmerge
configure:4110: checking for msgfmt
configure:4128: found /usr/bin/msgfmt
configure:4140: result: /usr/bin/msgfmt
configure:4150: checking for gmsgfmt
configure:4181: result: /usr/bin/msgfmt
configure:4201: checking for perl
configure:4219: found /usr/bin/perl
configure:4231: result: /usr/bin/perl
configure:4242: checking for perl >= 5.8.1
configure:4249: result: 5.14.2
configure:4253: checking for XML::Parser
configure:4256: result: ok
configure:4281: gcc -o conftest -g -O2   conftest.c  >&5
configure:4281: $? = 0
configure:4321: checking how to run the C preprocessor
configure:4352: gcc -E  conftest.c
configure:4352: $? = 0
configure:4366: gcc -E  conftest.c
conftest.c:12:28: fatal error: ac_nonexistent.h: No such file or directory
compilation terminated.
configure:4366: $? = 1
configure: failed program was:
| /* confdefs.h */
| #define PACKAGE_NAME "wev1"
| #define PACKAGE_TARNAME "wev1"
| #define PACKAGE_VERSION "0.1"
| #define PACKAGE_STRING "wev1 0.1"
| #define PACKAGE_BUGREPORT ""
| #define PACKAGE_URL ""
| #define PACKAGE "wev1"
| #define VERSION "0.1"
| #define GETTEXT_PACKAGE "wev1"
| /* end confdefs.h.  */
| #include <ac_nonexistent.h>
configure:4391: result: gcc -E
configure:4411: gcc -E  conftest.c
configure:4411: $? = 0
configure:4425: gcc -E  conftest.c
conftest.c:12:28: fatal error: ac_nonexistent.h: No such file or directory
compilation terminated.
configure:4425: $? = 1
configure: failed program was:
| /* confdefs.h */
| #define PACKAGE_NAME "wev1"
| #define PACKAGE_TARNAME "wev1"
| #define PACKAGE_VERSION "0.1"
| #define PACKAGE_STRING "wev1 0.1"
| #define PACKAGE_BUGREPORT ""
| #define PACKAGE_URL ""
| #define PACKAGE "wev1"
| #define VERSION "0.1"
| #define GETTEXT_PACKAGE "wev1"
| /* end confdefs.h.  */
| #include <ac_nonexistent.h>
configure:4454: checking for grep that handles long lines and -e
configure:4512: result: /bin/grep
configure:4517: checking for egrep
configure:4579: result: /bin/grep -E
configure:4584: checking for ANSI C header files
configure:4604: gcc -c -g -O2  conftest.c >&5
configure:4604: $? = 0
configure:4677: gcc -o conftest -g -O2   conftest.c  >&5
configure:4677: $? = 0
configure:4677: ./conftest
configure:4677: $? = 0
configure:4688: result: yes
configure:4701: checking for sys/types.h
configure:4701: gcc -c -g -O2  conftest.c >&5
configure:4701: $? = 0
configure:4701: result: yes
configure:4701: checking for sys/stat.h
configure:4701: gcc -c -g -O2  conftest.c >&5
configure:4701: $? = 0
configure:4701: result: yes
configure:4701: checking for stdlib.h
configure:4701: gcc -c -g -O2  conftest.c >&5
configure:4701: $? = 0
configure:4701: result: yes
configure:4701: checking for string.h
configure:4701: gcc -c -g -O2  conftest.c >&5
configure:4701: $? = 0
configure:4701: result: yes
configure:4701: checking for memory.h
configure:4701: gcc -c -g -O2  conftest.c >&5
configure:4701: $? = 0
configure:4701: result: yes
configure:4701: checking for strings.h
configure:4701: gcc -c -g -O2  conftest.c >&5
configure:4701: $? = 0
configure:4701: result: yes
configure:4701: checking for inttypes.h
configure:4701: gcc -c -g -O2  conftest.c >&5
configure:4701: $? = 0
configure:4701: result: yes
configure:4701: checking for stdint.h
configure:4701: gcc -c -g -O2  conftest.c >&5
configure:4701: $? = 0
configure:4701: result: yes
configure:4701: checking for unistd.h
configure:4701: gcc -c -g -O2  conftest.c >&5
configure:4701: $? = 0
configure:4701: result: yes
configure:4716: checking locale.h usability
configure:4716: gcc -c -g -O2  conftest.c >&5
configure:4716: $? = 0
configure:4716: result: yes
configure:4716: checking locale.h presence
configure:4716: gcc -E  conftest.c
configure:4716: $? = 0
configure:4716: result: yes
configure:4716: checking for locale.h
configure:4716: result: yes
configure:4727: checking for LC_MESSAGES
configure:4743: gcc -o conftest -g -O2   conftest.c  >&5
configure:4743: $? = 0
configure:4751: result: yes
configure:4768: checking libintl.h usability
configure:4768: gcc -c -g -O2  conftest.c >&5
configure:4768: $? = 0
configure:4768: result: yes
configure:4768: checking libintl.h presence
configure:4768: gcc -E  conftest.c
configure:4768: $? = 0
configure:4768: result: yes
configure:4768: checking for libintl.h
configure:4768: result: yes
configure:4776: checking for ngettext in libc
configure:4794: gcc -o conftest -g -O2   conftest.c  >&5
configure:4794: $? = 0
configure:4803: result: yes
configure:4807: checking for dgettext in libc
configure:4825: gcc -o conftest -g -O2   conftest.c  >&5
configure:4825: $? = 0
configure:4834: result: yes
configure:4841: checking for bind_textdomain_codeset
configure:4841: gcc -o conftest -g -O2   conftest.c  >&5
configure:4841: $? = 0
configure:4841: result: yes
configure:5117: checking for msgfmt
configure:5144: result: /usr/bin/msgfmt
configure:5155: checking for dcgettext
configure:5155: gcc -o conftest -g -O2   conftest.c   >&5
conftest.c:49:6: warning: conflicting types for built-in function 'dcgettext' [enabled by default]
configure:5155: $? = 0
configure:5155: result: yes
configure:5165: checking if msgfmt accepts -c
configure:5180: $MSGFMT -c -o /dev/null conftest.foo
configure:5183: $? = 0
configure:5185: result: yes
configure:5195: checking for gmsgfmt
configure:5226: result: /usr/bin/msgfmt
configure:5236: checking for xgettext
configure:5263: result: /usr/bin/xgettext
configure:5282: gcc -o conftest -g -O2   conftest.c   >&5
configure:5282: $? = 0
configure:5482: checking for pkg-config
configure:5500: found /usr/bin/pkg-config
configure:5512: result: /usr/bin/pkg-config
configure:5537: checking pkg-config is at least version 0.9.0
configure:5540: result: yes
configure:5550: checking for SQLITE3
configure:5557: $PKG_CONFIG --exists --print-errors "sqlite3"
configure:5560: $? = 0
configure:5574: $PKG_CONFIG --exists --print-errors "sqlite3"
configure:5577: $? = 0
configure:5635: result: yes
configure:5642: checking for WEV1
configure:5649: $PKG_CONFIG --exists --print-errors "gtk+-3.0 "
configure:5652: $? = 0
configure:5666: $PKG_CONFIG --exists --print-errors "gtk+-3.0 "
configure:5669: $? = 0
configure:5727: result: yes
configure:5871: creating ./config.status

## ---------------------- ##
## Running config.status. ##
## ---------------------- ##

This file was extended by wev1 config.status 0.1, which was
generated by GNU Autoconf 2.68.  Invocation command line was

  CONFIG_FILES    = 
  CONFIG_HEADERS  = 
  CONFIG_LINKS    = 
  CONFIG_COMMANDS = 
  $ ./config.status 

on wellth

config.status:952: creating Makefile
config.status:952: creating src/Makefile
config.status:952: creating po/Makefile.in
config.status:952: creating config.h
config.status:1133: config.h is unchanged
config.status:1181: executing depfiles commands
config.status:1181: executing default-1 commands
config.status:1181: executing po/stamp-it commands

## ---------------- ##
## Cache variables. ##
## ---------------- ##

ac_cv_c_compiler_gnu=yes
ac_cv_env_CC_set=
ac_cv_env_CC_value=
ac_cv_env_CFLAGS_set=
ac_cv_env_CFLAGS_value=
ac_cv_env_CPPFLAGS_set=
ac_cv_env_CPPFLAGS_value=
ac_cv_env_CPP_set=
ac_cv_env_CPP_value=
ac_cv_env_LDFLAGS_set=
ac_cv_env_LDFLAGS_value=
ac_cv_env_LIBS_set=
ac_cv_env_LIBS_value=
ac_cv_env_PKG_CONFIG_LIBDIR_set=
ac_cv_env_PKG_CONFIG_LIBDIR_value=
ac_cv_env_PKG_CONFIG_PATH_set=
ac_cv_env_PKG_CONFIG_PATH_value=
ac_cv_env_PKG_CONFIG_set=
ac_cv_env_PKG_CONFIG_value=
ac_cv_env_SQLITE3_CFLAGS_set=
ac_cv_env_SQLITE3_CFLAGS_value=
ac_cv_env_SQLITE3_LIBS_set=
ac_cv_env_SQLITE3_LIBS_value=
ac_cv_env_WEV1_CFLAGS_set=
ac_cv_env_WEV1_CFLAGS_value=
ac_cv_env_WEV1_LIBS_set=
ac_cv_env_WEV1_LIBS_value=
ac_cv_env_build_alias_set=
ac_cv_env_build_alias_value=
ac_cv_env_host_alias_set=
ac_cv_env_host_alias_value=
ac_cv_env_target_alias_set=
ac_cv_env_target_alias_value=
ac_cv_func_bind_textdomain_codeset=yes
ac_cv_func_dcgettext=yes
ac_cv_header_inttypes_h=yes
ac_cv_header_libintl_h=yes
ac_cv_header_locale_h=yes
ac_cv_header_memory_h=yes
ac_cv_header_stdc=yes
ac_cv_header_stdint_h=yes
ac_cv_header_stdlib_h=yes
ac_cv_header_string_h=yes
ac_cv_header_strings_h=yes
ac_cv_header_sys_stat_h=yes
ac_cv_header_sys_types_h=yes
ac_cv_header_unistd_h=yes
ac_cv_objext=o
ac_cv_path_EGREP='/bin/grep -E'
ac_cv_path_GMSGFMT=/usr/bin/msgfmt
ac_cv_path_GREP=/bin/grep
ac_cv_path_INTLTOOL_EXTRACT=/usr/bin/intltool-extract
ac_cv_path_INTLTOOL_MERGE=/usr/bin/intltool-merge
ac_cv_path_INTLTOOL_PERL=/usr/bin/perl
ac_cv_path_INTLTOOL_UPDATE=/usr/bin/intltool-update
ac_cv_path_MSGFMT=/usr/bin/msgfmt
ac_cv_path_MSGMERGE=/usr/bin/msgmerge
ac_cv_path_XGETTEXT=/usr/bin/xgettext
ac_cv_path_ac_pt_PKG_CONFIG=/usr/bin/pkg-config
ac_cv_path_install='/usr/bin/install -c'
ac_cv_path_mkdir=/bin/mkdir
ac_cv_prog_AWK=mawk
ac_cv_prog_CPP='gcc -E'
ac_cv_prog_ac_ct_CC=gcc
ac_cv_prog_cc_c89=
ac_cv_prog_cc_g=yes
ac_cv_prog_make_make_set=yes
am_cv_CC_dependencies_compiler_type=gcc3
am_cv_make_support_nested_variables=yes
am_cv_val_LC_MESSAGES=yes
gt_cv_func_dgettext_libc=yes
gt_cv_func_dgettext_libintl=no
gt_cv_func_ngettext_libc=yes
gt_cv_have_gettext=yes
pkg_cv_SQLITE3_CFLAGS=' '
pkg_cv_SQLITE3_LIBS='-lsqlite3  '
pkg_cv_WEV1_CFLAGS='-pthread -I/usr/include/gtk-3.0 -I/usr/include/pango-1.0 -I/usr/include/gio-unix-2.0/ -I/usr/include/atk-1.0 -I/usr/include/cairo -I/usr/include/gdk-pixbuf-2.0 -I/usr/include/freetype2 -I/usr/include/glib-2.0 -I/usr/lib/i386-linux-gnu/glib-2.0/include -I/usr/include/pixman-1 -I/usr/include/libpng12  '
pkg_cv_WEV1_LIBS='-lgtk-3 -lgdk-3 -latk-1.0 -lgio-2.0 -lpangocairo-1.0 -lgdk_pixbuf-2.0 -lcairo-gobject -lpango-1.0 -lcairo -lgobject-2.0 -lglib-2.0  '

## ----------------- ##
## Output variables. ##
## ----------------- ##

ACLOCAL='${SHELL} /home/wellth/wellth1/wellth/3.0+wev/W1/V5/wev1/missing --run aclocal-1.11'
ALL_LINGUAS=''
AMDEPBACKSLASH='\'
AMDEP_FALSE='#'
AMDEP_TRUE=''
AMTAR='$${TAR-tar}'
AM_BACKSLASH='\'
AM_DEFAULT_V='$(AM_DEFAULT_VERBOSITY)'
AM_DEFAULT_VERBOSITY='0'
AM_V='$(V)'
AUTOCONF='${SHELL} /home/wellth/wellth1/wellth/3.0+wev/W1/V5/wev1/missing --run autoconf'
AUTOHEADER='${SHELL} /home/wellth/wellth1/wellth/3.0+wev/W1/V5/wev1/missing --run autoheader'
AUTOMAKE='${SHELL} /home/wellth/wellth1/wellth/3.0+wev/W1/V5/wev1/missing --run automake-1.11'
AWK='mawk'
CATALOGS=''
CATOBJEXT='.gmo'
CC='gcc'
CCDEPMODE='depmode=gcc3'
CFLAGS='-g -O2'
CPP='gcc -E'
CPPFLAGS=''
CYGPATH_W='echo'
DATADIRNAME='share'
DEFS='-DHAVE_CONFIG_H'
DEPDIR='.deps'
ECHO_C=''
ECHO_N='-n'
ECHO_T=''
EGREP='/bin/grep -E'
EXEEXT=''
GETTEXT_PACKAGE='wev1'
GMOFILES=''
GMSGFMT='/usr/bin/msgfmt'
GREP='/bin/grep'
INSTALL_DATA='${INSTALL} -m 644'
INSTALL_PROGRAM='${INSTALL}'
INSTALL_SCRIPT='${INSTALL}'
INSTALL_STRIP_PROGRAM='$(install_sh) -c -s'
INSTOBJEXT='.mo'
INTLLIBS=''
INTLTOOL_CAVES_RULE='%.caves:     %.caves.in     $(INTLTOOL_MERGE) $(wildcard $(top_srcdir)/po/*.po) ; $(INTLTOOL_V_MERGE)LC_ALL=C $(INTLTOOL_MERGE) $(INTLTOOL_V_MERGE_OPTIONS) -d -u -c $(top_builddir)/po/.intltool-merge-cache $(top_srcdir)/po $< $@'
INTLTOOL_DESKTOP_RULE='%.desktop:   %.desktop.in   $(INTLTOOL_MERGE) $(wildcard $(top_srcdir)/po/*.po) ; $(INTLTOOL_V_MERGE)LC_ALL=C $(INTLTOOL_MERGE) $(INTLTOOL_V_MERGE_OPTIONS) -d -u -c $(top_builddir)/po/.intltool-merge-cache $(top_srcdir)/po $< $@'
INTLTOOL_DIRECTORY_RULE='%.directory: %.directory.in $(INTLTOOL_MERGE) $(wildcard $(top_srcdir)/po/*.po) ; $(INTLTOOL_V_MERGE)LC_ALL=C $(INTLTOOL_MERGE) $(INTLTOOL_V_MERGE_OPTIONS) -d -u -c $(top_builddir)/po/.intltool-merge-cache $(top_srcdir)/po $< $@'
INTLTOOL_EXTRACT='/usr/bin/intltool-extract'
INTLTOOL_KBD_RULE='%.kbd:       %.kbd.in       $(INTLTOOL_MERGE) $(wildcard $(top_srcdir)/po/*.po) ; $(INTLTOOL_V_MERGE)LC_ALL=C $(INTLTOOL_MERGE) $(INTLTOOL_V_MERGE_OPTIONS) -x -u -m -c $(top_builddir)/po/.intltool-merge-cache $(top_srcdir)/po $< $@'
INTLTOOL_KEYS_RULE='%.keys:      %.keys.in      $(INTLTOOL_MERGE) $(wildcard $(top_srcdir)/po/*.po) ; $(INTLTOOL_V_MERGE)LC_ALL=C $(INTLTOOL_MERGE) $(INTLTOOL_V_MERGE_OPTIONS) -k -u -c $(top_builddir)/po/.intltool-merge-cache $(top_srcdir)/po $< $@'
INTLTOOL_MERGE='/usr/bin/intltool-merge'
INTLTOOL_OAF_RULE='%.oaf:       %.oaf.in       $(INTLTOOL_MERGE) $(wildcard $(top_srcdir)/po/*.po) ; $(INTLTOOL_V_MERGE)LC_ALL=C $(INTLTOOL_MERGE) $(INTLTOOL_V_MERGE_OPTIONS) -o -p $(top_srcdir)/po $< $@'
INTLTOOL_PERL='/usr/bin/perl'
INTLTOOL_POLICY_RULE='%.policy:    %.policy.in    $(INTLTOOL_MERGE) $(wildcard $(top_srcdir)/po/*.po) ; $(INTLTOOL_V_MERGE)LC_ALL=C $(INTLTOOL_MERGE) $(INTLTOOL_V_MERGE_OPTIONS) -x -u -c $(top_builddir)/po/.intltool-merge-cache $(top_srcdir)/po $< $@'
INTLTOOL_PONG_RULE='%.pong:      %.pong.in      $(INTLTOOL_MERGE) $(wildcard $(top_srcdir)/po/*.po) ; $(INTLTOOL_V_MERGE)LC_ALL=C $(INTLTOOL_MERGE) $(INTLTOOL_V_MERGE_OPTIONS) -x -u -c $(top_builddir)/po/.intltool-merge-cache $(top_srcdir)/po $< $@'
INTLTOOL_PROP_RULE='%.prop:      %.prop.in      $(INTLTOOL_MERGE) $(wildcard $(top_srcdir)/po/*.po) ; $(INTLTOOL_V_MERGE)LC_ALL=C $(INTLTOOL_MERGE) $(INTLTOOL_V_MERGE_OPTIONS) -d -u -c $(top_builddir)/po/.intltool-merge-cache $(top_srcdir)/po $< $@'
INTLTOOL_SCHEMAS_RULE='%.schemas:   %.schemas.in   $(INTLTOOL_MERGE) $(wildcard $(top_srcdir)/po/*.po) ; $(INTLTOOL_V_MERGE)LC_ALL=C $(INTLTOOL_MERGE) $(INTLTOOL_V_MERGE_OPTIONS) -s -u -c $(top_builddir)/po/.intltool-merge-cache $(top_srcdir)/po $< $@'
INTLTOOL_SERVER_RULE='%.server:    %.server.in    $(INTLTOOL_MERGE) $(wildcard $(top_srcdir)/po/*.po) ; $(INTLTOOL_V_MERGE)LC_ALL=C $(INTLTOOL_MERGE) $(INTLTOOL_V_MERGE_OPTIONS) -o -u -c $(top_builddir)/po/.intltool-merge-cache $(top_srcdir)/po $< $@'
INTLTOOL_SERVICE_RULE='%.service: %.service.in   $(INTLTOOL_MERGE) $(wildcard $(top_srcdir)/po/*.po) ; $(INTLTOOL_V_MERGE)LC_ALL=C $(INTLTOOL_MERGE) $(INTLTOOL_V_MERGE_OPTIONS) -d -u -c $(top_builddir)/po/.intltool-merge-cache $(top_srcdir)/po $< $@'
INTLTOOL_SHEET_RULE='%.sheet:     %.sheet.in     $(INTLTOOL_MERGE) $(wildcard $(top_srcdir)/po/*.po) ; $(INTLTOOL_V_MERGE)LC_ALL=C $(INTLTOOL_MERGE) $(INTLTOOL_V_MERGE_OPTIONS) -x -u -c $(top_builddir)/po/.intltool-merge-cache $(top_srcdir)/po $< $@'
INTLTOOL_SOUNDLIST_RULE='%.soundlist: %.soundlist.in $(INTLTOOL_MERGE) $(wildcard $(top_srcdir)/po/*.po) ; $(INTLTOOL_V_MERGE)LC_ALL=C $(INTLTOOL_MERGE) $(INTLTOOL_V_MERGE_OPTIONS) -d -u -c $(top_builddir)/po/.intltool-merge-cache $(top_srcdir)/po $< $@'
INTLTOOL_THEME_RULE='%.theme:     %.theme.in     $(INTLTOOL_MERGE) $(wildcard $(top_srcdir)/po/*.po) ; $(INTLTOOL_V_MERGE)LC_ALL=C $(INTLTOOL_MERGE) $(INTLTOOL_V_MERGE_OPTIONS) -d -u -c $(top_builddir)/po/.intltool-merge-cache $(top_srcdir)/po $< $@'
INTLTOOL_UI_RULE='%.ui:        %.ui.in        $(INTLTOOL_MERGE) $(wildcard $(top_srcdir)/po/*.po) ; $(INTLTOOL_V_MERGE)LC_ALL=C $(INTLTOOL_MERGE) $(INTLTOOL_V_MERGE_OPTIONS) -x -u -c $(top_builddir)/po/.intltool-merge-cache $(top_srcdir)/po $< $@'
INTLTOOL_UPDATE='/usr/bin/intltool-update'
INTLTOOL_V_MERGE='$(INTLTOOL__v_MERGE_$(V))'
INTLTOOL_V_MERGE_OPTIONS='$(intltool__v_merge_options_$(V))'
INTLTOOL_XAM_RULE='%.xam:       %.xml.in       $(INTLTOOL_MERGE) $(wildcard $(top_srcdir)/po/*.po) ; $(INTLTOOL_V_MERGE)LC_ALL=C $(INTLTOOL_MERGE) $(INTLTOOL_V_MERGE_OPTIONS) -x -u -c $(top_builddir)/po/.intltool-merge-cache $(top_srcdir)/po $< $@'
INTLTOOL_XML_NOMERGE_RULE='%.xml:       %.xml.in       $(INTLTOOL_MERGE) ; $(INTLTOOL_V_MERGE)LC_ALL=C $(INTLTOOL_MERGE) $(INTLTOOL_V_MERGE_OPTIONS) -x -u --no-translations $< $@'
INTLTOOL_XML_RULE='%.xml:       %.xml.in       $(INTLTOOL_MERGE) $(wildcard $(top_srcdir)/po/*.po) ; $(INTLTOOL_V_MERGE)LC_ALL=C $(INTLTOOL_MERGE) $(INTLTOOL_V_MERGE_OPTIONS) -x -u -c $(top_builddir)/po/.intltool-merge-cache $(top_srcdir)/po $< $@'
INTLTOOL__v_MERGE_0='@echo "  ITMRG " $@;'
INTLTOOL__v_MERGE_='$(INTLTOOL__v_MERGE_$(AM_DEFAULT_VERBOSITY))'
LDFLAGS=''
LIBOBJS=''
LIBS=''
LTLIBOBJS=''
MAKEINFO='${SHELL} /home/wellth/wellth1/wellth/3.0+wev/W1/V5/wev1/missing --run makeinfo'
MKDIR_P='/bin/mkdir -p'
MKINSTALLDIRS='./mkinstalldirs'
MSGFMT='/usr/bin/msgfmt'
MSGFMT_OPTS='-c'
MSGMERGE='/usr/bin/msgmerge'
OBJEXT='o'
PACKAGE='wev1'
PACKAGE_BUGREPORT=''
PACKAGE_NAME='wev1'
PACKAGE_STRING='wev1 0.1'
PACKAGE_TARNAME='wev1'
PACKAGE_URL=''
PACKAGE_VERSION='0.1'
PATH_SEPARATOR=':'
PKG_CONFIG='/usr/bin/pkg-config'
PKG_CONFIG_LIBDIR=''
PKG_CONFIG_PATH=''
POFILES=''
POSUB='po'
PO_IN_DATADIR_FALSE=''
PO_IN_DATADIR_TRUE=''
SET_MAKE=''
SHELL='/bin/bash'
SQLITE3_CFLAGS=' '
SQLITE3_LIBS='-lsqlite3  '
STRIP=''
USE_NLS='yes'
VERSION='0.1'
WEV1_CFLAGS='-pthread -I/usr/include/gtk-3.0 -I/usr/include/pango-1.0 -I/usr/include/gio-unix-2.0/ -I/usr/include/atk-1.0 -I/usr/include/cairo -I/usr/include/gdk-pixbuf-2.0 -I/usr/include/freetype2 -I/usr/include/glib-2.0 -I/usr/lib/i386-linux-gnu/glib-2.0/include -I/usr/include/pixman-1 -I/usr/include/libpng12  '
WEV1_LIBS='-lgtk-3 -lgdk-3 -latk-1.0 -lgio-2.0 -lpangocairo-1.0 -lgdk_pixbuf-2.0 -lcairo-gobject -lpango-1.0 -lcairo -lgobject-2.0 -lglib-2.0  '
XGETTEXT='/usr/bin/xgettext'
ac_ct_CC='gcc'
am__EXEEXT_FALSE=''
am__EXEEXT_TRUE='#'
am__fastdepCC_FALSE='#'
am__fastdepCC_TRUE=''
am__include='include'
am__isrc=''
am__leading_dot='.'
am__nodep='_no'
am__quote=''
am__tar='$${TAR-tar} chof - "$$tardir"'
am__untar='$${TAR-tar} xf -'
bindir='${exec_prefix}/bin'
build_alias=''
datadir='${datarootdir}'
datarootdir='${prefix}/share'
docdir='${datarootdir}/doc/${PACKAGE_TARNAME}'
dvidir='${docdir}'
exec_prefix='${prefix}'
host_alias=''
htmldir='${docdir}'
includedir='${prefix}/include'
infodir='${datarootdir}/info'
install_sh='${SHELL} /home/wellth/wellth1/wellth/3.0+wev/W1/V5/wev1/install-sh'
intltool__v_merge_options_0='-q'
intltool__v_merge_options_='$(intltool__v_merge_options_$(AM_DEFAULT_VERBOSITY))'
libdir='${exec_prefix}/lib'
libexecdir='${exec_prefix}/libexec'
localedir='${datarootdir}/locale'
localstatedir='${prefix}/var'
mandir='${datarootdir}/man'
mkdir_p='/bin/mkdir -p'
oldincludedir='/usr/include'
pdfdir='${docdir}'
prefix='/usr/local'
program_transform_name='s,x,x,'
psdir='${docdir}'
sbindir='${exec_prefix}/sbin'
sharedstatedir='${prefix}/com'
sysconfdir='${prefix}/etc'
target_alias=''

## ----------- ##
## confdefs.h. ##
## ----------- ##

/* confdefs.h */
#define PACKAGE_NAME "wev1"
#define PACKAGE_TARNAME "wev1"
#define PACKAGE_VERSION "0.1"
#define PACKAGE_STRING "wev1 0.1"
#define PACKAGE_BUGREPORT ""
#define PACKAGE_URL ""
#define PACKAGE "wev1"
#define VERSION "0.1"
#define GETTEXT_PACKAGE "wev1"
#define STDC_HEADERS 1
#define HAVE_SYS_TYPES_H 1
#define HAVE_SYS_STAT_H 1
#define HAVE_STDLIB_H 1
#define HAVE_STRING_H 1
#define HAVE_MEMORY_H 1
#define HAVE_STRINGS_H 1
#define HAVE_INTTYPES_H 1
#define HAVE_STDINT_H 1
#define HAVE_UNISTD_H 1
#define HAVE_LOCALE_H 1
#define HAVE_LC_MESSAGES 1
#define HAVE_BIND_TEXTDOMAIN_CODESET 1
#define HAVE_GETTEXT 1
#define HAVE_DCGETTEXT 1
#define ENABLE_NLS 1

configure: exit 0
